<?xml version="1.0" encoding="UTF-8"?>
<!-- Generated by org.testng.reporters.JUnitXMLReporter -->
<testsuite ignored="0" hostname="DESKTOP-ADS3JVM" failures="2" tests="4" name="Test" time="36.944" errors="0" timestamp="2025-03-07T17:35:32 IST">
  <testcase classname="frameWork.ErrorValidation" name="sumitOrder" time="0.799">
    <failure type="java.lang.AssertionError" message="expected:&amp;lt;Incorrect email or password.&amp;gt; but was:&amp;lt;unknown error occured&amp;gt;">
      <![CDATA[java.lang.AssertionError: expected:<Incorrect email or password.> but was:<unknown error occured>
at frameWork.ErrorValidation.sumitOrder(ErrorValidation.java:42)
at java.base/java.util.ArrayList.forEach(ArrayList.java:1511)
... Removed 29 stack frames]]>
    </failure>
  </testcase> <!-- sumitOrder -->
  <testcase classname="frameWork.StandAlone" name="sumitOrder" time="1.859">
    <failure type="java.lang.NullPointerException" message="Cannot invoke &amp;quot;org.openqa.selenium.WebElement.findElement(org.openqa.selenium.By)&amp;quot; because the return value of &amp;quot;jitendraSahuCompany.pageObjects.ProductsCataLog.getProductByName(String)&amp;quot; is null">
      <![CDATA[java.lang.NullPointerException: Cannot invoke "org.openqa.selenium.WebElement.findElement(org.openqa.selenium.By)" because the return value of "jitendraSahuCompany.pageObjects.ProductsCataLog.getProductByName(String)" is null
at jitendraSahuCompany.pageObjects.ProductsCataLog.addTocart(ProductsCataLog.java:65)
at frameWork.StandAlone.sumitOrder(StandAlone.java:47)
at java.base/java.util.ArrayList.forEach(ArrayList.java:1511)
... Removed 27 stack frames]]>
    </failure>
  </testcase> <!-- sumitOrder -->
  <testcase classname="frameWork.StandAlone" name="sumitOrder" time="7.859"/>
  <testcase classname="frameWork.StandAlone" name="myOrdersTest" time="0.0">
    <skipped/>
  </testcase> <!-- myOrdersTest -->
</testsuite> <!-- Test -->
